<?xml version="1.0" encoding="UTF-8"?>
<!-- Generated by org.testng.reporters.JUnitReportReporter -->
<testsuite hostname="Pratyasha" failures="0" tests="1" name="TestPage.ContactPageTest" time="4.384" errors="0" timestamp="2023-05-25T01:46:37 IST" skipped="0">
  <testcase classname="TestPage.ContactPageTest" name="testcase1" time="4.384"/>
  <system-out/>
</testsuite> <!-- TestPage.ContactPageTest -->
