<?xml version="1.0" encoding="UTF-8"?>
<!-- Generated by org.testng.reporters.JUnitReportReporter -->
<testsuite hostname="Pratyasha" failures="0" tests="4" name="TestPage.TestCase3" time="16.468" errors="0" timestamp="2023-05-28T16:46:06 IST" skipped="0">
  <testcase classname="TestPage.TestCase3" name="addtocart" time="2.070"/>
  <system-out/>
  <testcase classname="TestPage.TestCase3" name="subtotal" time="8.192"/>
  <system-out/>
  <testcase classname="TestPage.TestCase3" name="price_verification" time="3.164"/>
  <system-out/>
  <testcase classname="TestPage.TestCase3" name="totalprice_verification" time="3.042"/>
  <system-out/>
</testsuite> <!-- TestPage.TestCase3 -->
