<?xml version="1.0" encoding="UTF-8"?>
<!-- Generated by org.testng.reporters.JUnitReportReporter -->
<testsuite hostname="Pratyasha" failures="0" tests="4" name="TestPage.TestCase1" time="17.573" errors="0" timestamp="2023-05-27T14:59:10 IST" skipped="0">
  <testcase classname="TestPage.TestCase1" name="goto_contactpage" time="2.164"/>
  <system-out/>
  <testcase classname="TestPage.TestCase1" name="click_submit" time="0.077"/>
  <system-out/>
  <testcase classname="TestPage.TestCase1" name="errormsg_validation" time="0.055"/>
  <system-out/>
  <testcase classname="TestPage.TestCase1" name="errormsg_gone" time="15.277"/>
  <system-out/>
</testsuite> <!-- TestPage.TestCase1 -->
