<?xml version="1.0" encoding="UTF-8"?>
<!-- Generated by org.testng.reporters.JUnitReportReporter -->
<testsuite hostname="Pratyasha" failures="0" tests="4" name="TestPage.TestCase1" time="17.572" errors="0" timestamp="2023-05-28T16:46:06 IST" skipped="0">
  <testcase classname="TestPage.TestCase1" name="goto_contactpage" time="2.137"/>
  <system-out/>
  <testcase classname="TestPage.TestCase1" name="click_submit" time="0.097"/>
  <system-out/>
  <testcase classname="TestPage.TestCase1" name="errormsg_validation" time="0.062"/>
  <system-out/>
  <testcase classname="TestPage.TestCase1" name="errormsg_gone" time="15.276"/>
  <system-out/>
</testsuite> <!-- TestPage.TestCase1 -->
