<?xml version="1.0" encoding="UTF-8"?>
<!-- Generated by org.testng.reporters.JUnitReportReporter -->
<testsuite hostname="Pratyasha" failures="0" tests="4" name="TestPage.TestCase1" time="6.291" errors="0" timestamp="2023-05-27T01:19:02 IST" skipped="0">
  <testcase classname="TestPage.TestCase1" name="goto_contactpage" time="0.157"/>
  <system-out/>
  <testcase classname="TestPage.TestCase1" name="click_submit" time="0.664"/>
  <system-out/>
  <testcase classname="TestPage.TestCase1" name="errormsg_validation" time="0.091"/>
  <system-out/>
  <testcase classname="TestPage.TestCase1" name="errormsg_gone" time="5.379"/>
  <system-out/>
</testsuite> <!-- TestPage.TestCase1 -->
