<?xml version="1.0" encoding="UTF-8"?>
<!-- Generated by org.testng.reporters.JUnitReportReporter -->
<testsuite hostname="Pratyasha" failures="0" tests="1" name="TestPage.TestCase2" time="18.977" errors="0" timestamp="2023-05-27T02:15:48 IST" skipped="0">
  <testcase classname="TestPage.TestCase2" name="verify_successmsg" time="18.977"/>
  <system-out/>
</testsuite> <!-- TestPage.TestCase2 -->
